<?xml version="1.0" encoding="UTF-8"?>
<testng-results skipped="0" failed="0" total="1" passed="1">
  <reporter-output>
  </reporter-output>
  <suite name="Default suite" duration-ms="44451" started-at="2015-12-22T14:27:23Z" finished-at="2015-12-22T14:28:07Z">
    <groups>
      <group name="Integration">
        <method signature="GmailAttachTest.gmailTest()[pri:0, instance:org.tests.pages.GmailAttachTest@119d975]" name="gmailTest" class="org.tests.pages.GmailAttachTest"/>
      </group> <!-- Integration -->
      <group name="Functional">
        <method signature="GmailAttachTest.gmailTest()[pri:0, instance:org.tests.pages.GmailAttachTest@119d975]" name="gmailTest" class="org.tests.pages.GmailAttachTest"/>
      </group> <!-- Functional -->
    </groups>
    <test name="Default test" duration-ms="44451" started-at="2015-12-22T14:27:23Z" finished-at="2015-12-22T14:28:07Z">
      <class name="org.tests.pages.GmailAttachTest">
        <test-method status="PASS" signature="init()[pri:0, instance:org.tests.pages.GmailAttachTest@119d975]" name="init" is-config="true" duration-ms="4029" started-at="2015-12-22T19:57:23Z" finished-at="2015-12-22T19:57:27Z">
          <reporter-output>
          </reporter-output>
        </test-method> <!-- init -->
        <test-method status="PASS" signature="testInit()[pri:0, instance:org.tests.pages.GmailAttachTest@119d975]" name="testInit" is-config="true" duration-ms="18" started-at="2015-12-22T19:57:27Z" finished-at="2015-12-22T19:57:27Z">
          <reporter-output>
          </reporter-output>
        </test-method> <!-- testInit -->
        <test-method status="PASS" signature="gmailTest()[pri:0, instance:org.tests.pages.GmailAttachTest@119d975]" name="gmailTest" duration-ms="40401" started-at="2015-12-22T19:57:27Z" finished-at="2015-12-22T19:58:07Z">
          <reporter-output>
          </reporter-output>
        </test-method> <!-- gmailTest -->
        <test-method status="PASS" signature="setScreenshot(org.testng.ITestResult)[pri:0, instance:org.tests.pages.GmailAttachTest@119d975]" name="setScreenshot" is-config="true" duration-ms="1" started-at="2015-12-22T19:58:07Z" finished-at="2015-12-22T19:58:07Z">
          <params>
            <param index="0">
              <value>
                <![CDATA[[TestResult name=gmailTest status=SUCCESS method=GmailAttachTest.gmailTest()[pri:0, instance:org.tests.pages.GmailAttachTest@119d975] output={null}]]]>
              </value>
            </param>
          </params>
          <reporter-output>
          </reporter-output>
        </test-method> <!-- setScreenshot -->
      </class> <!-- org.tests.pages.GmailAttachTest -->
    </test> <!-- Default test -->
  </suite> <!-- Default suite -->
</testng-results>
